Determining if the pthread_create exist failed with the following output:
Change Dir: /home/majinlei/SegNet_Ship_angle/caffe-segnet/build/CMakeFiles/CMakeTmp

Run Build Command:"/usr/bin/make" "cmTC_716be/fast"
/usr/bin/make -f CMakeFiles/cmTC_716be.dir/build.make CMakeFiles/cmTC_716be.dir/build
make[1]: Entering directory '/home/majinlei/SegNet_Ship_angle/caffe-segnet/build/CMakeFiles/CMakeTmp'
Building C object CMakeFiles/cmTC_716be.dir/CheckSymbolExists.c.o
/usr/bin/cc     -o CMakeFiles/cmTC_716be.dir/CheckSymbolExists.c.o   -c /home/majinlei/SegNet_Ship_angle/caffe-segnet/build/CMakeFiles/CMakeTmp/CheckSymbolExists.c
Linking C executable cmTC_716be
/usr/bin/cmake -E cmake_link_script CMakeFiles/cmTC_716be.dir/link.txt --verbose=1
/usr/bin/cc       CMakeFiles/cmTC_716be.dir/CheckSymbolExists.c.o  -o cmTC_716be -rdynamic 
CMakeFiles/cmTC_716be.dir/CheckSymbolExists.c.o：在函数‘main’中：
CheckSymbolExists.c:(.text+0x16)：对‘pthread_create’未定义的引用
collect2: error: ld returned 1 exit status
CMakeFiles/cmTC_716be.dir/build.make:97: recipe for target 'cmTC_716be' failed
make[1]: *** [cmTC_716be] Error 1
make[1]: Leaving directory '/home/majinlei/SegNet_Ship_angle/caffe-segnet/build/CMakeFiles/CMakeTmp'
Makefile:126: recipe for target 'cmTC_716be/fast' failed
make: *** [cmTC_716be/fast] Error 2

File /home/majinlei/SegNet_Ship_angle/caffe-segnet/build/CMakeFiles/CMakeTmp/CheckSymbolExists.c:
/* */
#include <pthread.h>

int main(int argc, char** argv)
{
  (void)argv;
#ifndef pthread_create
  return ((int*)(&pthread_create))[argc];
#else
  (void)argc;
  return 0;
#endif
}

Determining if the function pthread_create exists in the pthreads failed with the following output:
Change Dir: /home/majinlei/SegNet_Ship_angle/caffe-segnet/build/CMakeFiles/CMakeTmp

Run Build Command:"/usr/bin/make" "cmTC_16fb1/fast"
/usr/bin/make -f CMakeFiles/cmTC_16fb1.dir/build.make CMakeFiles/cmTC_16fb1.dir/build
make[1]: Entering directory '/home/majinlei/SegNet_Ship_angle/caffe-segnet/build/CMakeFiles/CMakeTmp'
Building C object CMakeFiles/cmTC_16fb1.dir/CheckFunctionExists.c.o
/usr/bin/cc    -DCHECK_FUNCTION_EXISTS=pthread_create   -o CMakeFiles/cmTC_16fb1.dir/CheckFunctionExists.c.o   -c /usr/share/cmake-3.5/Modules/CheckFunctionExists.c
Linking C executable cmTC_16fb1
/usr/bin/cmake -E cmake_link_script CMakeFiles/cmTC_16fb1.dir/link.txt --verbose=1
/usr/bin/cc   -DCHECK_FUNCTION_EXISTS=pthread_create    CMakeFiles/cmTC_16fb1.dir/CheckFunctionExists.c.o  -o cmTC_16fb1 -rdynamic -lpthreads 
/usr/bin/ld: 找不到 -lpthreads
collect2: error: ld returned 1 exit status
CMakeFiles/cmTC_16fb1.dir/build.make:97: recipe for target 'cmTC_16fb1' failed
make[1]: *** [cmTC_16fb1] Error 1
make[1]: Leaving directory '/home/majinlei/SegNet_Ship_angle/caffe-segnet/build/CMakeFiles/CMakeTmp'
Makefile:126: recipe for target 'cmTC_16fb1/fast' failed
make: *** [cmTC_16fb1/fast] Error 2


